<?xml version="1.0" encoding="UTF-8"?>
<testng-results ignored="0" total="1" passed="1" failed="0" skipped="0">
  <reporter-output>
  </reporter-output>
  <suite started-at="2024-11-10T20:30:44 EST" name="Default suite" finished-at="2024-11-10T20:30:52 EST" duration-ms="8170">
    <groups>
    </groups>
    <test started-at="2024-11-10T20:30:44 EST" name="Default test" finished-at="2024-11-10T20:30:52 EST" duration-ms="8170">
      <class name="pagesTest.HomePageTest">
        <test-method is-config="true" signature="setUp()[pri:0, instance:pagesTest.HomePageTest@7d0b7e3c]" started-at="2024-11-10T20:30:44 EST" name="setUp" finished-at="2024-11-10T20:30:51 EST" duration-ms="6913" status="PASS">
          <reporter-output>
          </reporter-output>
        </test-method> <!-- setUp -->
        <test-method signature="clickLogoTest()[pri:0, instance:pagesTest.HomePageTest@7d0b7e3c]" started-at="2024-11-10T20:30:51 EST" name="clickLogoTest" finished-at="2024-11-10T20:30:52 EST" duration-ms="743" status="PASS">
          <reporter-output>
          </reporter-output>
        </test-method> <!-- clickLogoTest -->
        <test-method is-config="true" signature="tearUp()[pri:0, instance:pagesTest.HomePageTest@7d0b7e3c]" started-at="2024-11-10T20:30:52 EST" name="tearUp" finished-at="2024-11-10T20:30:52 EST" duration-ms="445" status="PASS">
          <reporter-output>
          </reporter-output>
        </test-method> <!-- tearUp -->
      </class> <!-- pagesTest.HomePageTest -->
    </test> <!-- Default test -->
  </suite> <!-- Default suite -->
</testng-results>
